<?xml version="1.0" encoding="UTF-8" ?>
<testsuite tests="3" failures="1" name="runner.RunCucumberTest" time="15.191" errors="0" skipped="0">
  <properties>
[...]
</properties>
  <testcase classname="Verificação funcionalidade  adicionar o registro do cliente com sucesso;" name="Adicionar registro com sucesso" time="10.661"/>
  <testcase classname="Verificação funcionalidade editar o registro do cliente com sucesso;" name="Editar registro com sucesso" time="3.126"/>
  <testcase classname="Verificação funcionalidade esxcluir o registro do cliente com sucesso;" name="Excluir registro com sucesso" time="1.404">
    <failure type="java.lang.AssertionError">java.lang.AssertionError
	at org.junit.Assert.fail(Assert.java:87)
	at org.junit.Assert.assertTrue(Assert.java:42)
	at org.junit.Assert.assertTrue(Assert.java:53)
	at steps.ExcluirSteps.recebo_uma_mensagem_de_excluido(ExcluirSteps.java:29)
	at ✽.recebo uma mensagem de excluido(file:///D:/ESTUDO%20PROGRAMACAO/Desafios/DesafioGrocery/DesafioGroceryCrud/src/test/feature/Excluir.feature:11)
</failure>
    <system-out>
Cenario: Excluir registro com sucesso               # src/test/feature/Excluir.feature:8
  Dado Que seleciono Bootstrap v4 Theme selecionado # steps.ContextoSteps.queSelecionoBootstrapV4ThemeSelecionado()
  Dado que seleciono excluir registro               # steps.ExcluirSteps.que_seleciono_excluir_registro()
  E excluo o cliente                                # steps.ExcluirSteps.excluo_o_cliente()
  Entao recebo uma mensagem de excluido             # steps.ExcluirSteps.recebo_uma_mensagem_de_excluido()
      java.lang.AssertionError
	at org.junit.Assert.fail(Assert.java:87)
	at org.junit.Assert.assertTrue(Assert.java:42)
	at org.junit.Assert.assertTrue(Assert.java:53)
	at steps.ExcluirSteps.recebo_uma_mensagem_de_excluido(ExcluirSteps.java:29)
	at âœ½.recebo uma mensagem de excluido(file:///D:/ESTUDO%20PROGRAMACAO/Desafios/DesafioGrocery/DesafioGroceryCrud/src/test/feature/Excluir.feature:11)

</system-out>
  </testcase>
</testsuite>